<?xml version="1.0" encoding="UTF-8"?>
<testsuite xmlns:xsi="http://www.w3.org/2001/XMLSchema-instance" xsi:schemaLocation="https://maven.apache.org/surefire/maven-surefire-plugin/xsd/surefire-test-report.xsd" name="testRunner.TestRunner" time="66.334" tests="42" errors="0" skipped="0" failures="0">
  <properties>
[...]
</properties>
  <testcase name="Given authenticate" classname="Scenario: Access to Review quiz and use next button" time="0.004"/>
  <testcase name="And Access the profile" classname="Scenario: Access to Review quiz and use next button" time="0"/>
  <testcase name="When Click on the quiz link" classname="Scenario: Access to Review quiz and use next button" time="0"/>
  <testcase name="And Quiz description  is displayed" classname="Scenario: Access to Review quiz and use next button" time="0"/>
  <testcase name="And Access quiz details" classname="Scenario: Access to Review quiz and use next button" time="0"/>
  <testcase name="And click on review quiz button" classname="Scenario: Access to Review quiz and use next button" time="0"/>
  <testcase name="Then First question should be displayed" classname="Scenario: Access to Review quiz and use next button" time="0"/>
  <testcase name="When Click on the next button" classname="Scenario: Access to Review quiz and use next button" time="0.001"/>
  <testcase name="When Click on the next button" classname="Scenario: Access to Review quiz and use next button" time="0"/>
  <testcase name="When Click on the next button" classname="Scenario: Access to Review quiz and use next button" time="0"/>
  <testcase name="When Click on the next button" classname="Scenario: Access to Review quiz and use next button" time="0"/>
  <testcase name="When Click on the next button" classname="Scenario: Access to Review quiz and use next button" time="0"/>
  <testcase name="When Click on the next button" classname="Scenario: Access to Review quiz and use next button" time="0"/>
  <testcase name="When Click on the next button" classname="Scenario: Access to Review quiz and use next button" time="0"/>
  <testcase name="When Click on the next button" classname="Scenario: Access to Review quiz and use next button" time="0"/>
  <testcase name="When Click on the next button" classname="Scenario: Access to Review quiz and use next button" time="0"/>
  <testcase name="When Click on the next button" classname="Scenario: Access to Review quiz and use next button" time="0"/>
  <testcase name="When Click on the next button" classname="Scenario: Access to Review quiz and use next button" time="0"/>
  <testcase name="When Click on the next button" classname="Scenario: Access to Review quiz and use next button" time="0"/>
  <testcase name="When Click on the next button" classname="Scenario: Access to Review quiz and use next button" time="0"/>
  <testcase name="When Click on the next button" classname="Scenario: Access to Review quiz and use next button" time="0"/>
  <testcase name="When Click on the next button" classname="Scenario: Access to Review quiz and use next button" time="0"/>
  <testcase name="Then Second question should be displayed" classname="Scenario: Access to Review quiz and use next button" time="0"/>
  <testcase name="Then Third question should be displayed" classname="Scenario: Access to Review quiz and use next button" time="0"/>
  <testcase name="Then Forth question should be displayed" classname="Scenario: Access to Review quiz and use next button" time="0"/>
  <testcase name="Then Fifth question should be displayed" classname="Scenario: Access to Review quiz and use next button" time="0"/>
  <testcase name="Then Sixth question should be displayed" classname="Scenario: Access to Review quiz and use next button" time="0"/>
  <testcase name="Then Seventh question should be displayed" classname="Scenario: Access to Review quiz and use next button" time="0.001"/>
  <testcase name="Then Eighth question should be displayed" classname="Scenario: Access to Review quiz and use next button" time="0"/>
  <testcase name="Then Nineth question should be displayed" classname="Scenario: Access to Review quiz and use next button" time="0"/>
  <testcase name="Then Tenth question should be displayed" classname="Scenario: Access to Review quiz and use next button" time="0"/>
  <testcase name="Then Eleventh question should be displayed" classname="Scenario: Access to Review quiz and use next button" time="0"/>
  <testcase name="Then Twelfth question should be displayed" classname="Scenario: Access to Review quiz and use next button" time="0.001"/>
  <testcase name="Then Thirteenth question should be displayed" classname="Scenario: Access to Review quiz and use next button" time="0"/>
  <testcase name="Then Fourteenth question should be displayed" classname="Scenario: Access to Review quiz and use next button" time="0"/>
  <testcase name="Then Fifteenth question should be displayed" classname="Scenario: Access to Review quiz and use next button" time="0"/>
  <testcase name="Then Sixteenth question should be displayed" classname="Scenario: Access to Review quiz and use next button" time="0"/>
  <testcase name="When Click on the summary button" classname="Scenario: Access to Review quiz and use next button" time="0.001"/>
  <testcase name="Then Result should be displayed" classname="Scenario: Access to Review quiz and use next button" time="0"/>
  <testcase name="When Click on the the cross" classname="Scenario: Access to Review quiz and use next button" time="0"/>
  <testcase name="Then the quiz page disappear" classname="Scenario: Access to Review quiz and use next button" time="0"/>
  <testcase name="Scenario: Access to Review quiz and use next button" classname="Scenario: Access to Review quiz and use next button" time="1.168"/>
</testsuite>